<testsuites id="" name="" tests="1" failures="0" skipped="1" errors="0" time="2.7798430000001098">
<testsuite name="example.spec.ts" timestamp="2025-09-13T09:09:58.108Z" hostname="chromium" tests="1" failures="0" skipped="1" time="1.584" errors="0">
<testcase name="Theme Switching › should toggle between light and dark themes" classname="example.spec.ts" time="1.584">
<properties>
<property name="skip" value="Theme toggle not found on page">
</property>
</properties>
<skipped>
</skipped>
</testcase>
</testsuite>
</testsuites>