<testsuites id="" name="" tests="2" failures="0" skipped="0" errors="0" time="2.461959999999992">
<testsuite name="example.spec.ts" timestamp="2025-09-13T09:27:58.039Z" hostname="chromium" tests="2" failures="0" skipped="0" time="2.438" errors="0">
<testcase name="Accessibility › should have proper heading hierarchy" classname="example.spec.ts" time="1.219">
<system-out>
<![CDATA[
[[ATTACHMENT|example-Accessibility-should-have-proper-heading-hierarchy-chromium/trace.zip]]
]]>
</system-out>
</testcase>
<testcase name="Accessibility › should have alt text for images" classname="example.spec.ts" time="1.219">
<system-out>
<![CDATA[
[[ATTACHMENT|example-Accessibility-should-have-alt-text-for-images-chromium/trace.zip]]
]]>
</system-out>
</testcase>
</testsuite>
</testsuites>